episode, show
0, [285 133 134 109 131 112 104  97 119 128 107 107 116 109 115  94]
1, [285 132 130 139 106  96 106  98 103 103 127  98 124 126 124 103]
2, [329 106 126 125 118 127  98  96 118 103  97 114 113 110 113 107]
3, [349 133 137 116 129 106  87 107 100 102 110 111 100 106 100 107]
4, [370 126 132 117 112 119 113 105  94  94  99 101 110 106 100 102]
5, [356 142 136 127 103  99  99 105 100  85 110  97 113 104 113 111]
6, [405 116 123 135 106  86 123  95 107 110 108  88 113  89  92 104]
7, [439 136 144  99 113  98  85 105 107  85 108  94 100  80 105 102]
8, [419 133 115 138 111 123  99  85  99  96  99  95 101  96 107  84]
9, [452 122 131 114 118  89  99 107  90 104  81  84 111 112  85 101]
10, [498 151 118 119  91 101  88  82  99  93  98 106  80  95  91  90]
11, [501 133 130 126 126  98  95  91  82  98  77  83  95  89  74 102]
12, [517 127 124 125 104  98  90  95  94  80  92  80  88  91  99  96]
13, [537 139 118 127 120  91  87  82  99  83  99  86  80  76  86  90]
14, [572 150 118 122  97  82  82  93  89  87  93  86  89  80  71  89]
15, [605 141 142 135  96  86  77  79  78  74  78  74  81  86  88  80]
16, [599 124 148 114  92  93  77  85  95  85  96  83  62  82  83  82]
17, [559 136 138 114 119  78  93  90  91  96  72  82  84  85  88  75]
18, [633 143 141 112 101  62  73  72  84  72  86  80  80  88  96  77]
19, [642 134 156 124  77  81  80  71  82  71  91  87  81  57  92  74]
20, [671 153 131 123  83  87  62  89  75  93  70  74  66  64  80  79]
21, [679 163 117 102  87  74  69  86  75  87  73  80  67  71  79  91]
22, [725 158 130 113  80  72  74  82  62  67  76  72  76  67  73  73]
23, [698 125 137 120  92  79  69  75  76  91  80  56  67  79  74  82]
24, [784 145 135  97 101  67  75  66  64  54  63  72  64  67  72  74]
25, [734 134 132 100 102  74  64  73  82  64  77  88  68  69  70  69]
26, [775 134 124 117  82  84  69  58  67  70  89  56  63  76  71  65]
27, [784 143 117 101 105  67  73  55  61  77  54  88  85  71  58  61]
28, [764 141 154  97 101  75  68  53  57  75  73  74  71  70  62  65]
29, [780 130 134 125  86  82  77  55  68  67  65  48  73  74  65  71]
30, [738 141 143 108  95  84  74  76  57  63  66  74  62  74  69  76]
31, [817 150 129 118 104  78  54  45  70  69  64  55  71  57  72  47]
32, [846 129 142 113  77  70  69  44  69  80  64  59  72  60  58  48]
33, [858 124 159 119  98  56  51  61  67  56  54  66  59  57  59  56]
34, [830 154 138 125  97  70  63  70  53  56  60  56  58  53  67  50]
35, [886 160 121  92  78  76  68  68  48  62  53  69  47  57  52  63]
36, [824 132 148 113  94  58  80  67  64  70  71  46  60  54  61  58]
37, [852 131 149 119 107  62  49  55  50  68  60  70  58  51  57  62]
38, [909 131 119 115  95  69  70  55  63  54  60  38  54  57  48  63]
39, [911 111 138 104  95  62  64  57  67  50  51  66  64  49  59  52]
40, [914  99 143 108 100  59  51  53  74  54  57  55  58  51  55  69]
41, [908 165 153 111  68  66  68  54  45  55  54  51  41  56  54  51]
42, [919 157 160 104  68  56  64  55  45  75  45  52  54  50  44  52]
43, [938 156 149 103  69  60  45  57  56  51  66  42  55  58  47  48]
44, [978 119 140 114  78  41  60  57  56  54  45  54  58  48  46  52]
45, [966 125 142 102  93  62  63  56  51  56  47  39  59  54  44  41]
46, [983 122 139 101  79  54  61  57  59  37  54  44  57  49  50  54]
47, [1009  156  123  111   74   62   49   52   49   47   42   46   43   45
   37   55]
48, [978 151 147 108  77  48  56  59  51  46  48  43  49  50  39  50]
49, [991 146 151  88  83  55  57  55  60  43  57  30  62  40  44  38]
50, [1019  145  151  113   75   48   45   43   53   42   52   49   40   37
   56   32]
51, [994 155 134 107  82  52  55  50  40  64  48  45  48  42  37  47]
52, [1026  126  155   92   88   51   55   50   49   31   50   39   45   50
   53   40]
53, [1051  147  146  119   68   42   40   40   44   46   46   45   36   41
   46   43]
54, [1058  125  145   96  106   46   36   35   47   29   40   48   46   50
   44   49]
55, [1076  137  130  115   68   37   55   43   52   34   41   40   50   37
   41   44]
56, [1044  140  146  106  100   33   47   54   47   41   40   33   35   48
   41   45]
57, [1079  120  131   98  119   50   39   41   48   57   38   45   32   29
   37   37]
58, [1064  140  169   99  106   44   39   47   37   44   37   31   35   31
   37   40]
59, [1110  136  133  104  104   46   31   33   39   33   38   41   36   37
   45   34]
60, [1058  181  140  113   54   41   57   35   37   30   38   43   35   42
   47   49]
61, [1071  161  143  111   56   33   49   43   36   41   53   43   33   50
   37   40]
62, [1074  149  154  103   77   48   44   38   53   36   33   43   31   43
   35   39]
63, [1115  155  157  103   74   42   46   33   30   43   27   34   33   34
   34   40]
64, [1111  184  124  101   61   45   44   41   42   32   43   37   32   36
   29   38]
65, [1114  145  165   90   99   39   32   36   34   28   41   53   25   30
   35   34]
66, [1117  118  165   88   83   36   35   50   56   46   28   33   34   37
   44   30]
67, [1145  146  150   94   70   37   31   44   37   37   36   28   28   47
   25   45]
68, [1126  140  145   94   89   45   50   50   32   32   32   36   39   30
   32   28]
69, [1135  159  151   93   61   35   39   46   35   30   38   41   35   28
   43   31]
70, [1154  133  155  103   93   29   35   27   31   28   37   34   24   29
   40   48]
71, [1181  128  153   89   79   40   25   43   35   32   33   46   31   22
   35   28]
72, [1175  143  127  105   80   42   32   30   40   30   31   34   33   26
   33   39]
73, [1141  156  147  114   68   32   31   34   34   34   36   42   30   32
   33   36]
74, [1155  142  146  105   96   44   31   32   29   35   41   34   25   29
   31   25]
75, [1204  129  134  114   71   38   29   37   32   30   38   31   31   35
   28   19]
76, [1180  144  137  102   74   37   38   36   29   40   28   26   37   26
   38   28]
77, [1149  129  165  111   91   35   39   29   30   34   30   29   29   37
   33   30]
78, [1221  145  132   85   70   42   24   40   20   30   29   26   24   41
   42   29]
79, [1173  164  165   93   71   30   34   42   33   30   33   25   21   32
   22   32]
80, [1256  106  127  106   94   41   34   25   23   31   23   28   32   25
   23   26]
81, [1218  133  139  109   68   20   36   33   40   32   31   26   28   24
   35   28]
82, [1189  136  160  103   88   35   34   34   25   23   29   34   19   26
   30   35]
83, [1233  119  140  103   96   37   25   28   33   34   25   24   24   24
   28   27]
84, [1230  141  149   88   68   38   28   28   32   36   19   28   29   27
   29   30]
85, [1218  154  141  107   76   39   30   27   30   25   23   29   33   26
   23   19]
86, [1230  166  139  105   46   38   27   24   34   24   21   27   29   33
   25   32]
87, [1200  131  162   95  101   33   28   23   29   29   24   31   18   29
   36   31]
88, [1249  135  145   87   77   40   36   42   31   23   23   27   21   19
   25   20]
89, [1294  142  129   93   80   28   20   27   17   34   32   24   22   13
   21   24]
90, [1250  105  142  115  105   34   27   33   16   27   28   25   20   25
   21   27]
91, [1243  149  156   84   86   30   34   26   28   29   22   19   23   28
   30   13]
92, [1262  179  154  108   42   36   18   31   20   21   25   18   19   21
   21   25]
93, [1285  139  141   88   67   24   24   31   31   19   34   26   19   16
   25   31]
94, [1267  156  148   93   70   33   32   26   26   21   18   26   18   20
   23   23]
95, [1272  131  154  109   61   35   25   35   22   27   27   18   26   17
   23   18]
96, [1242  155  170   98   61   35   34   24   24   19   27   26   19   27
   19   20]
97, [1305  125  141  102   67   18   29   34   32   19   23   25   32   17
   17   14]
98, [1261  169  155   95   75   25   19   25   19   28   17   23   21   18
   27   23]
99, [1280  171  160   80   55   28   22   28   28   19   21   24   20   21
   26   17]
100, [1273  142  169  102   90   30   22   18   25   24   17   20   14   17
   23   14]
101, [1304  132  151   91   76   25   20   25   23   19   17   18   30   30
   15   24]
102, [1297  130  168  102   49   34   29   25   18   20   13   21   20   20
   31   23]
103, [1273  117  166  107   89   33   24   26   20   25   15   22   18   21
   29   15]
104, [1308  157  123  102   63   24   37   25   29   22   18   18   19   14
   23   18]
105, [1262  138  152  112   78   35   27   22   25   24   27   21   18   19
   17   23]
106, [1298  150  153  107   59   35   21   26   20   24   17   18   19   17
   17   19]
107, [1350  156  133  100   49   21   13   20   28   21   20   18   18   14
   18   21]
108, [1258  189  135  111   40   43   27   27   28   20   20   15   21   25
   22   19]
109, [1317  169  128   93   53   28   28   18   30   17   28   17   13   14
   24   23]
110, [1292  126  155  108   89   26   19   24   22   22   26   15   20   14
   19   23]
111, [1296  160  166   97   64   25   18   29   15   19   18   19   19   14
   18   23]
112, [1347  137  146  106   49   22   25   22   18   19   22   18   18   11
   22   18]
113, [1308   73  154  105  140   27   21   23   21   19   14   26   13   22
   15   19]
114, [1306  169  170   87   44   39   28   21   15   19   18   20   18   22
   14   10]
115, [1313  155  151  105   44   26   24   33   21   15   22   21   21   15
   19   15]
116, [1314  124  141  108   83   27   19   24   22   20   16   12   18   20
   27   25]
117, [1333  150  149  104   65   21   24   17   19   20   18   15   12   10
   20   23]
118, [1355  145  153   97   57   20   21   32   17   10   20   13   15   15
   14   16]
119, [1348  147  151   93   55   27   24   22   18   20   17   20   19   10
   18   11]
120, [1336  159  144   89   61   25   26   13   22   17   20   19   23   23
   12   11]
121, [1365  144  130   96   69   15   23   23   20   15   18   14   14   12
   26   16]
122, [1338  153  164   93   56   24   21   19   20   20   22    8   12   17
   13   20]
123, [1379  145  119   90   79   26   20    8   15   14   22   19   14   14
   16   20]
124, [1367  124  164   90   62   22   17   24   19   19    9   14   16   15
   21   17]
125, [1325  153  158  108   66   24   19   28   20   10   11   14   20    8
   13   23]
126, [1335  136  146  123   60   25   14   14   18   24   13   13   18   20
   20   21]
127, [1362  116  144  103   98   26   20   16   19   12   15   14   11   11
   13   20]
128, [1347  147  144   80   72   27   22   21   13   24   21   23   16   12
   14   17]
129, [1362  158  173   92   41   22   20   16   11   13   11   18   16   20
   14   13]
130, [1321  124  161  117   89   18   16   28   20   21   15   17   11   14
   15   13]
131, [1311  160  169   92   81   21   19   19   22   19   14   10   14   18
   21   10]
132, [1404  158  126   97   53   26   10   14   21   16    6   14   21   11
   13   10]
133, [1373  157  159  102   39   25   13   20   12   15   16   11   15   10
   11   22]
134, [1418  102  146  104   68   21   16   25   16    9   13   12   13   12
   15   10]
135, [1417  102  141   87   75   17   16   24   19   18   24   11    8   14
   17   10]
136, [1383  126  154   94   67   22   14   24   19   25   13    9   14   12
   13   11]
137, [1348  138  146  117   85   24   16   18   12    9   16   13   17    9
   16   16]
138, [1357  165  145   99   57   21   14   18   16   13   20   11   16   13
   15   20]
139, [1417  131  142   94   72   21    9   17   16   13   11   12    8    7
   17   13]
140, [1367  127  158   96   89   26   18   16   13   11   17   11   10   17
   12   12]
141, [1402  159  115  102   49   19   22   23   23   15   13   13   15   16
   10    4]
142, [1399  152  130  110   67   15   13   18   15   14   13   10   11   12
   12    9]
143, [1385  145  156  101   66   20   15   17   11   14   10   10   18   14
   13    5]
144, [1355  152  144   90   86   24   14   16   14   19   14   14   19   10
   16   13]
145, [1392  148  137  100   76   19   21    8   12   11   15   16    9    8
   11   17]
146, [1422  152  150   94   45   20   21   14    9   10   14    8    8   14
   13    6]
147, [1379  130  150   87   75   12   14   23   19   20   18   16   16   15
   11   15]
148, [1375  160  158  112   68   19   14   18   11    9   10    7    9   12
    8   10]
149, [1386  144  150   89   49   26   18   19   25   19   14   15   11   11
    8   16]
150, [1340  170  166   98   55   15   15   17   17   15   16   13   11   22
   15   15]
151, [1409  133  149   91   73   18   14   17   11   17   13    6   14    7
   18   10]
152, [1379   98  155  103  109   28   10   13   17   14   16    7   10   14
   15   12]
153, [1405  123  149  101   62   24   12   19   10   14   12   14   12   11
   16   16]
154, [1369  187  140  107   43   17   20   13   12   16   19   14    8   10
   13   12]
155, [1378  113  164  101   85   24   14   21   16   14    6   14    7   16
   14   13]
156, [1388  145  148   92   79   17   16   20    8   15   19   13   13    3
   13   11]
157, [1374  123  153   92  106   16   15   19   10   11   14   14   12   13
   14   14]
158, [1374  181  157   94   59   19    8   11   12   16   16    7   14    6
   13   13]
159, [1362  155  179   86   53   21   28    7   13   13   10   14   14   13
   22   10]
160, [1397  121  152   95   76   15   15   17   15   22   14    9   13   13
    9   17]
161, [1383  148  171   85   76   29   13   16   14    6    8   12   13    8
    7   11]
162, [1403  151  177   81   56   19   13   17    9    7    8   12   11    9
   15   12]
163, [1380  156  165   99   60   19   16   10   14   11    5   14   15   13
    8   15]
164, [1430  160  134   96   44    8   12   23   11   20   11   10    9   11
   10   11]
165, [1430  122  132  106   75   15   11   23   13   12    9   11    8   14
    7   12]
166, [1403  155  148   98   56   19   15   11   18   22   11    5   15    7
   10    7]
167, [1424  156  133  100   46   17   18   19   16   12   10    9   10    9
   12    9]
168, [1396  141  162   87   73   19   11   15   13   10   15   12   16    7
   14    9]
169, [1403  168  141   89   73   18   18   18   13    9    7    6   11    5
    9   12]
170, [1404  131  156   93   79   12   16   13   10   18   10   11   12   14
   11   10]
171, [1424  137  150   91   57   18   19   13   11   11   10    7   15    9
   14   14]
172, [1402  162  135  101   67   11   13   18   10   14   10   11   16   13
    8    9]
173, [1412  139  151   85   69   12   22   12   14   14   12   14   16    9
   13    6]
174, [1410  166  148   99   52   17   18   16   11   12    9    9    8    9
    8    8]
175, [1411  165  143   98   42   16   12   16   11   16   14    4   14   14
   13   11]
176, [1403  156  128  105   66   16   21   23   18   10   15   10    6    4
   12    7]
177, [1387  129  174   92   79   18   14   15    9   14   12   17    6   12
   11   11]
178, [1402  153  147  106   68   18    7   17    9   10    9    8   11   12
   12   11]
179, [1391  164  135   97   69   17   16   19   16    8   16   12    8   10
   12   10]
180, [1419  104  124  115  106   13   13   13   18   13   11   12    8    9
   13    9]
181, [1390  165  161  101   48   17   16   15   10   17    6   19    8   12
    9    6]
182, [1432  152  133   85   50   25   15   18    9   17    4   22    9    9
   14    6]
183, [1402  142  178   89   69   14   15    7   14    8    8   14   16    8
    8    8]
184, [1436  127  140   79   94   19   16    5   17   14   12    7    9   11
    5    9]
185, [1391  149  151  121   65   26   16    7    7   16    9    6    4    9
   11   12]
186, [1426  163  128  100   63   19   12   12   13    9   11   10    7   10
    8    9]
187, [1390  158  184   84   59   23   12   10   12   13   10   10    7   12
    7    9]
188, [1468   61  134   88  109   17   15   19   20    7   12   11   12   11
   10    6]
189, [1411  171  161  102   41   12   16    8   19   13   12    7    8    8
    6    5]
190, [1399  162  153  100   42   27   20   10   12   11   10   14    8    8
   13   11]
191, [1436  135  130   91   69   19   10   16   13   12   15   11   13   11
    8   11]
192, [1373  164  170  108   62   17   16   14    9    6   11    8   14    8
    9   11]
193, [1408  127  163   91   66   26   16   10   13   18   15   13    8   12
    8    6]
194, [1431  165  153   83   56   14   16    5   11   15   11    6    5   10
    9   10]
195, [1412  160  150   97   70   19   13   13   11    7    5   11   13    5
    8    6]
196, [1418  148  144  105   62   20    8   10    4    8   12   14   16    7
   15    9]
197, [1413  135  152   92   83   18   10   20    7   15   14    6   10    6
   11    8]
198, [1398  143  142  106   83   18    6   14   19   11    4   12   17    8
   13    6]
199, [1399  143  146  108   77   28   16   15   10    8    9    6   12    4
    9   10]
200, [1415  174  151   88   55   17   15   17    4   13   13    2    8   12
   10    6]
201, [1417  167  158   92   38   15   12   14   21   10   14   11    9    7
    9    6]
202, [1392  161  162   93   62   25   19    9   11   10   14   11    6   11
    5    9]
203, [1447  133  138   78   83   13   14   14   20   10   12    7   10    5
    9    7]
204, [1409  161  165   91   44   25   14   13    7   14   14    6    6    9
   13    9]
205, [1473  131  142   83   65   15   10    8   15    7    5   15    9   10
    7    5]
206, [1444  147  140   97   50   15   20    8   13   15    8    5    6   13
   12    7]
207, [1388  153  160   92   64   21   15   13   16    5   15   11   10   10
   14   13]
208, [1453  152  156   80   61   17   13   11    7    9    7    4    6    3
   13    8]
209, [1457   71  149   93  128   11   11   13   13    9   12    8    7    5
    9    4]
210, [1439  150  144   90   57   12   12   18   13   16    7    6   17    7
    9    3]
211, [1409  184  137   87   49    9    5   15   14   14   15    7   16   14
   14   11]
212, [1384  172  158  108   51   16   15   10   11   10    8    8   10   14
    9   16]
213, [1417   90  181   86   83   19   26   22    8    8   13   11    7   10
   12    7]
214, [1450  146  152   83   52   19   11   15   12   16    5    7   13    3
   10    6]
215, [1426  137  165   97   46   15   16   15   10   20    6   10    7   14
   10    6]
216, [1409  158  153   97   54   16   15   11   16   11   11   11    8   12
   11    7]
217, [1406  163  171   97   48   13   14   16   17   11    7    9    6    7
    7    8]
218, [1433  142  154   78   44   24   22   14   14    9   14    8   11   15
   11    7]
219, [1410  170  151   81   64   15   13   20    8   11    9   11   13    5
    7   12]
220, [1433  127  166  105   68   14   16   12    8    8    9    5   10    7
    8    4]
221, [1417  139  154  105   63   22   17   15   15    8   11    7    7    5
   10    5]
222, [1445  148  149   86   64   15   12   10   16    9    9   12    9    5
    3    8]
223, [1439  141  160   84   76   12    9   13    9   11   10    6   10    9
    7    4]
224, [1421  135  160  107   71   18   12    7   12   10    8    3    8    8
   11    9]
225, [1425  155  156   92   46   16    9   13   10   19   10    8    2   11
   15   13]
226, [1402  144  156  101   82   21    6   14   12    5   10    8   11   14
    7    7]
227, [1425  148  156   95   54   20   14   17    9    9   12    7   10    8
    7    9]
228, [1442  121  142   84   88   21   14   13   10    8   10    4   10    6
   10   17]
229, [1441  142  157   99   52   19   14    8    8   10   14    7    6   10
    5    8]
230, [1432  117  153  106   90   15   11   11   14   11    9    7    6    6
    6    6]
231, [1438  135  152   95   68   23    7   14    8    8    7    5   10   10
    9   11]
232, [1435  149  131   96   82   20   16   11    7    5    5   10    6    6
   10   11]
233, [1428  134  167   86   76   17   17   12   11    9    6    9    4   11
    5    8]
234, [1416  169  154   90   60   16   16    7   17    8   10   10    6    5
    7    9]
235, [1444  165  148  100   43   12    7   12   12    7    9    8   10    7
    6   10]
236, [1388  184  151  100   48   25   15   14    7   15   11   14    7    5
   10    6]
237, [1387  137  188  101   67   18    8   18    9   11   12    5   13    4
   13    9]
238, [1442  134  137  101   76   21    6    8    5   16    8    9    9   14
    7    7]
239, [1435  130  147  100   77   14    9   16   14    9   10   11    7    5
   10    6]
240, [1449  131  157   89   45   28   14   19    9   10    9    6    8    4
   11   11]
241, [1473  127  127   90   67   17   12   14    7   11    9   12   11    6
    9    8]
242, [1441  151  129  101   71   15   11   18    8    7    6   15    4    3
    9   11]
243, [1415  165  151  112   41   12   13   19   16   12   12    9    5    9
    4    5]
244, [1425  148  148  100   58   15   11   13   13    8   14    9    7    9
   11   11]
245, [1421  171  163   87   39   18   15    6   18   11    7   10    4    6
    9   15]
246, [1420  126  157   93   91   17   14   10   11   18    5    6    7    6
   12    7]
247, [1425  146  158   97   52   14   17   10   12   13    9   13    6    9
   10    9]
248, [1398  165  148   88   79   22   14   14   11   12    5    7   12   10
    8    7]
249, [1411  155  139  112   69   13   18   11    8   12   10    9   10   10
    6    7]
250, [1445  166  148   88   48   16   12   13    9   13    8   10    5    5
   11    3]
251, [1450  157  132   95   62   15   16   12   16    7    6    7    7    5
    7    6]
252, [1413  145  168   97   65   20    9   12    7   10    8   10   10    8
    8   10]
253, [1439  141  150   85   66   24   11   16   11    7   10    9    6    9
    9    7]
254, [1450  159  151   71   43   18   16   14    8   10   11   12    7    8
    9   13]
255, [1423  149  165   82   70   22   13   12   14    8    7    5    7    6
    8    9]
256, [1437  163  162   85   42   13    9   12    7    8   11   11   11   15
   10    4]
257, [1416  127  144  100   81   28   11   15   15    5   17    4   12    8
   12    5]
258, [1423  179  145   79   48   17   14   22   10    8   14    6   15    5
    5   10]
259, [1444  158  158   98   50   15    4   17    5    6   12    4    8    5
    7    9]
260, [1458  101  149   95  106   12   13    7   11    8    9    3    6    8
    8    6]
261, [1429  117  170   85   73   18   14   16   17    6   12    6    8    7
   16    6]
262, [1426  140  151  118   62   15   11   11    7    8    9    8    8    8
   10    8]
263, [1415  131  167  104   53   23   15   10   17   12    8    5   15    5
    9   11]
264, [1425  166  135  104   60   21   10   11   11    7    7   12    8    4
   10    9]
265, [1461  141  137   99   49   18   11   13   14    8    9    9   10   12
    4    5]
266, [1455  165  148   92   49   13   12    5   10   12    9    9    4    8
    4    5]
267, [1452  160  133   82   68   13   12   13   11   14   12    7    6   10
    6    1]
268, [1441  161  136   88   69    9   14   12   18   14    2    5    7    7
    9    8]
269, [1443  138  149   92   71   21    9   13    8    7    4    6   12   10
    8    9]
270, [1454  138  152   86   60   18   13   12   12   10   12    8    5    6
    5    9]
271, [1418  152  149   81   77   15   15    9   15   13   24    5    6   10
    4    7]
272, [1442  178  143   88   40   19   14   13    6   10   10   11    9    4
    4    9]
273, [1471  112  123   94   91   23   16   12   10    8    9    6    4    7
    7    7]
274, [1431  116  150   91   85   27   17    9   10    8   11    6   14    9
    7    9]
275, [1464  137  157   73   41   22   27   15    8    7    7    4   13    6
   10    9]
276, [1440  137  159  111   42   18   12   11   10    9   11   10    9    7
    7    7]
277, [1414  138  168  101   80   17   11    9    9    8    7   13    4    4
    7   10]
278, [1432  133  145   94   72   11   15   15    9    9   14   11    7    6
    9   18]
279, [1406  181  134   92   57   17   15   21   15    9   14    5   10    6
    4   14]
280, [1448  142  161   88   68   15    8   12   14   11    8    8    7    4
    2    4]
281, [1445  172  131  115   39   13   15   12    9    8    8   10    8    5
    6    4]
282, [1422  142  173  100   50   11   15   13   14    6   14    7    6    6
   12    9]
283, [1464  126  151   85   77   20   12   12   10    9    3    5    9    6
    5    6]
284, [1437  143  153  101   47   17   19   13   12    7    9    9    6    8
    9   10]
285, [1439  143  137   89   79   19   18   13    7   10    9    9    4    7
    5   12]
286, [1424  144  146  104   82   16   17    3    8    9   10    9    6    5
    8    9]
287, [1448  148  155   92   49   19   14   15    5    9    7   10    5    4
   11    9]
288, [1459  145  144  100   56   13   11   15    7   10   12    5    6    6
    6    5]
289, [1435  173  144   89   49   17   17   10    3   11   15    9    6    6
    6   10]
290, [1437  174  125  110   39   13   10    8    9    9   13    9    9   12
   15    8]
291, [1442  145  168   80   68    8   14   11   12    4    7    7    8    8
    7   11]
292, [1439  125  141   83   99   15   14    8   11    9    9    3    8   14
    9   13]
293, [1435  159  149   92   43   12   15    9   12    8    9   10   10   15
    6   16]
294, [1433  135  151  105   65   17    9   14    9   13   12    9    8    8
    7    5]
295, [1411  191  151   92   35   18   17   15    8    7    9    8   10   13
    9    6]
296, [1440  127  156   91   88   10   12   11   14    4   10   11    9    6
    4    7]
297, [1424  191  138  107   31   10   14   10   12    9    9    7   11    8
   10    9]
298, [1415  165  140  106   51   17   17   13   15   13    7   13    7   13
    1    7]
299, [1456  133  154  102   44   15   12    9    8   13   10    7    6    6
   12   13]
300, [1433  129  134  101   87   16   10   10   11   14    8    3   11    9
   14   10]
301, [1491  142  141   87   32   12   16   11   13    6   10    9    7    5
   13    5]
302, [1418  132  143  109   66   17   15   14   19   17    8    5   14    6
   12    5]
303, [1431  121  168   93   63   16   15    7   10   14   13   11   11   10
   10    7]
304, [1441  142  147   96   65   15   16   11   14   11    6    4    7    6
   14    5]
305, [1435  126  171   80   63   22   11   10   11   11   14    8    8   13
    4   13]
306, [1426  124  179   97   67   15   16   10   10    9    8    7    7    4
   11   10]
307, [1494  112  149   83   56   13   19   16   11    9    5    7   10    6
    3    7]
308, [1433  136  161   88   64   17   17   12    5   17    7    5    4   12
   12   10]
309, [1410  180  143   98   47   14   15   10    8   13   13    8    8    9
   19    5]
310, [1455  119  169   87   53   14   15   10   11    9   12   13   12    5
    7    9]
311, [1445  167  122   97   57   19   14   15    9    7    6    8    7    9
   12    6]
312, [1457  127  155  102   61   16   12   12    6    6   15    6    6    4
    9    6]
313, [1447  167  160   86   38   11   13    8   10    8    7    8    8    8
    8   13]
314, [1450  139  160  103   37    9   14   13   16   11   13    7    6   11
    6    5]
315, [1425  140  177   94   55   13   12   14    7    8    8   14    5   12
    7    9]
316, [1421  142  151  114   67   14   15   11    8    7   12    8    9    9
   10    2]
317, [1440  125  159   94   79    9   18   10   11    4   17    9    6    7
    6    6]
318, [1422  135  148   94   84   11   19   14   10   11   12   11    7    6
   10    6]
319, [1424  153  152   96   51   13   26   15   18   11    8   12    5    4
    8    4]
320, [1454  144  143  108   57   12    9    8   13   11    8    6    9    9
    5    4]
321, [1417  160  145   98   58   15   17   17   11   11    6    6    8    9
    7   15]
322, [1439  108  161  106   73   17   12   14   11    9   11    5    9    9
    8    8]
323, [1449  128  167   93   54   12   12   12   12   13   11    9    5   10
    6    7]
324, [1446  152  146   89   62   17   17    9    6   10   15    4    5    6
    9    7]
325, [1439  129  154   78   95   16   16   14    9   10    9    8    9    1
    5    8]
326, [1444  105  165   88   90   12   15    8   17   18    8    4    8    6
    5    7]
327, [1406  126  173  110   73   12   21   11   10   10    8    8   10    7
    6    9]
328, [1411  165  177   94   60   13   20   12    9    4    4    7   11    6
    5    2]
329, [1470  153  147   73   55   13   10   18   10   11    7    6    7    6
    8    6]
330, [1416  180  144  113   35   11   12   15   17    5    9    5   14    7
   10    7]
331, [1427  153  148  112   60   11   18   11   11   13    7    5   10    7
    4    3]
332, [1461  141  141   94   67   13   19    8   10    8   11    4    5    5
    3   10]
333, [1432  106  159  110   95   13   17   12   10    6   10    8    7    5
    5    5]
334, [1419  114  149  108   86   18   15    9   18   10   14    8   12   11
    7    2]
335, [1440  138  166   89   67   18   11    5   10    8   13   10    8    8
    3    6]
336, [1406  137  159   99   92   23   10   15    9   12   10    6    4    3
    4   11]
337, [1445  162  143   96   61    7   11   13    7   13   11    2    6    7
    7    9]
338, [1445  158  154  105   33   16   14   14   15   11    6    4    7    5
    7    6]
339, [1454  163  129   99   52    8   17   14   10   11    8    5    6    6
    9    9]
340, [1460  121  140  103   86   10   12    8    5   13    4    8    5    9
    8    8]
341, [1433  131  163   98   65   16   16   14   12   10    5    5    7   11
   10    4]
342, [1441  134  147   80   82   17   13   12    5   13    4    8   11    8
   15   10]
343, [1448  145  164   78   68   15   10    6    8    8   14    6    5    5
   11    9]
344, [1463  134  156   97   59    7    8   12   11    8    8    7   11    5
   11    3]
345, [1443  122  155   95   65   16    8    6   15    9   12   15   13   10
   12    4]
346, [1440  163  157   77   57   15   11   20   13   10    5    4    6    4
    9    9]
347, [1429  162  164   99   36   16   14   11   10   11    4    8   15    7
    7    7]
348, [1458  151  163   89   51   12    8   10   16    7    7    3    9    8
    3    5]
349, [1455  137  134   88   73   16   10   14   12   10    8    9    8   12
   11    3]
350, [1435  121  150  104   77   17   10   20    6   12    8   10    6   11
    8    5]
351, [1409  165  165  109   54   11   12    7    7    6   11   10    6   10
   13    5]
352, [1402  170  156  105   72   16   10   10   11    6   10    6   10    7
    5    4]
353, [1461  161  141  100   39   19   11   11    9    5    9    7    4    5
    8   10]
354, [1414  133  167   84   79   16   16   12   13    8   11   11   11    5
   11    9]
355, [1447  127  166   88   69   22   10   12   11    9    7    5   12    5
    5    5]
356, [1446  134  159   92   48   13   13   11   13   11   16   10   10    4
   10   10]
357, [1415  154  167  105   68   10    7   12    7    8   13    9    6    6
    7    6]
358, [1420  149  155  111   51   20   13   16   13    9    9    6    4   10
   10    4]
359, [1452  136  140   89   77   13   13   11   13   12    9    6    9    7
    9    4]
360, [1449  135  140   99   77   16    7   10   10    5    9   11    4    5
   15    8]
361, [1453  140  159   94   59   12   15   11   12    4    9    4   10    7
    6    5]
362, [1397  149  158  109   73   14   17   13   10   12    9    4   12    7
    8    8]
363, [1476  153  139   87   34   20   11    7   16    9    8    8    6    8
   13    5]
364, [1406  165  179   96   45   11   18   16    7   10    8    8    6    8
    8    9]
365, [1414  164  163   93   60   15   13   13    9   15    8   11    3    5
    1   13]
366, [1433  153  156  112   35   13   13   11   13    4   12    6   11    7
   11   10]
367, [1452  129  154  108   72   11    9    9    9    5    9    4   13    6
    4    6]
368, [1424  143  156  120   60   10    5   13   11   13   10    8    8    3
    9    7]
369, [1466  159  137   96   42   12   12   11    8    6   10    9    9    9
    6    8]
370, [1439  137  147  106   73   14   15    4    7   14    9    8    8    2
   10    7]
371, [1428  184  145   94   51   14    5   12    6    6    8    5    9    7
   17    9]
372, [1421  170  152   94   49   17   10    9   12   14   13    6    6   10
    8    9]
373, [1416  161  169   90   58   15   12   12   12    9   10    6   10    4
   10    6]
374, [1462  168  112   99   45   17   21    5    9   13   12    5   10    6
   13    3]
375, [1451  147  148  110   33   16   19    7   10    5   11    8    7    9
   13    6]
376, [1477  122  159   91   43   13   10   18   10   15    5    4    7    7
   11    8]
377, [1463  112  141  100   67   12   23   13   13    7    8    2   10    7
   12   10]
378, [1437  155  138  103   53   17   16    6    8   10   13   12    5   10
   12    5]
379, [1412  147  144  111   71   16   21   11    9    6   15    2   13    5
   11    6]
380, [1453  142  136   86   73   12   10   18   11   12   12    6    5    5
   16    3]
381, [1483  131  135   88   60   15   14   11   10    9    6    5    9    6
    8   10]
382, [1425  141  152   84   81   12   12   16    8   17    9    9   10   12
    9    3]
383, [1453  134  154   97   66   13   13   11   14    5    3    5   11    9
    6    6]
384, [1438  139  153   87   53   17   18   15   18   15   10    4   11   12
    7    3]
385, [1444  126  155   99   54   15   11   13   11   11   15    9    7    8
    9   13]
386, [1420  146  149  110   59   15   12   12   12   10   11    6   13    9
    8    8]
387, [1447  134  146  100   48   18   17    8   18   10    8   12   14    6
    5    9]
388, [1442  163  144  100   38   12   16   12   13   11    8    6   11   13
    5    6]
389, [1448  147  139   93   57   16   13   13   13    9   12   11   11    8
    7    3]
390, [1453  136  159   89   61    9    9    7   14    9    5    6   16   10
   13    4]
391, [1446  150  153   87   55   17   13    6   13    9    4    9   13    7
   10    8]
392, [1411  173  164   89   49   15   11   15    7   13    6    8   12    9
   13    5]
393, [1423  131  147  109   64   17   16   11   10   10   12    8   17    6
   15    4]
394, [1420  130  160  101   70   19   17   11   15    7    4    7    8   10
   15    6]
395, [1453  126  151   91   56   13   20   12   14   12    5   10   12    8
   10    7]
396, [1437  151  165   85   59   17   12   10   10    7    9    9    5    8
    6   10]
397, [1439  160  170   74   47   17    6   16    9    8    9    7   13    3
   10   12]
398, [1466  111  169   85   56   18   17   13    9    2    6    6   14    7
    9   12]
399, [1459  133  141   97   65    7   13   17    8    6   13    7   10    9
    8    7]
400, [1469  151  139   95   46   18    9    8   15    7    8    3    4   13
    8    7]
401, [1456  162  165   76   35   19   13   14   14   11    5    5    4    4
   10    7]
402, [1439  126  165  106   49   14   12   19   15    6    8    5    9    6
    7   14]
403, [1414  121  152   95   83   17   26   11   10    8   13    7   10    8
   14   11]
404, [1430  178  155   88   38   11   11   15    7   19    9    5    6    9
   10    9]
405, [1432  115  166  106   61   20   11   10   13   12    2   11    6   12
   16    7]
406, [1459  154  136  100   46    7   10   13    9   12    9    5    9   11
   14    6]
407, [1439  119  165   88   83   18   10   14   10    6   10    4    8    7
   10    9]
408, [1448  142  149   84   55   11   11   14   20   11   10    8   13    9
    7    8]
409, [1459  110  169   90   67   10   15   17   14   12    5    2    4    8
   15    3]
410, [1414  188  150  100   40   14   13    6   13   13    7    8    3   11
   10   10]
411, [1424  139  171   93   70   20   10   10   10    6    6    7   13   10
    5    6]
412, [1429  140  164  108   37    9    6   15   15   12   12    8   16   11
   10    8]
413, [1447  130  165   92   58   12   10   12   10    8   12    5   11   11
   14    3]
414, [1441  164  153   85   38   17   14   13    9   12    6    8    6   12
   13    9]
415, [1431  137  152  106   52   23   12   11   14   11   14    6    8    9
   10    4]
416, [1435  149  168   86   35   14   14   21   10   12   11   10   11    7
    8    9]
417, [1451  150  122  106   64   13   11   10    9    8    6    7   10   13
   11    9]
418, [1433  173  138   93   45   12   19   15   12    6   16    6    5    7
   14    6]
419, [1453  141  149  105   65   10   12   10    7    7    7    8    8    3
   11    4]
420, [1435  140  167   88   60   11   10   14   10    9    9    6   11   10
   14    6]
421, [1433  135  162   94   71    9    7   11   12    9   10    8   11    9
   10    9]
422, [1438  148  149  114   56   12   12    8    7    6   10   12    5    6
    7   10]
423, [1439  146  173   90   39   16   16   12   10   13    5    8   10    8
    9    6]
424, [1440  145  164   95   45   13   14   17    7   12   10   10    8    4
   13    3]
425, [1474  120  159   89   57   14   13   12    7    4   15    3   11    5
   10    7]
426, [1422  142  189   86   49   14   14   22   12    6    7    9    9    6
    9    4]
427, [1463  163  135   80   45   19   10   15    5   14    8    8   10   10
    8    7]
428, [1450  138  150   83   57   21   11   14   10   10   11    8    8   10
    9   10]
429, [1446  133  156   94   68   12   11   18   13    6    7   10   11    4
    6    5]
430, [1472  133  146  102   51    8   13   14   11    7    6    8    5    6
   11    7]
431, [1411  136  142   94   92   12   16   15    9   15    7   12   15    7
    9    8]
432, [1451  139  143  103   57   16   10   15   11   14    7    7   11    6
    4    6]
433, [1418  145  160   97   58   13   13    9    6    7   15    7   13   13
   18    8]
434, [1432  137  150  102   69   20   15    6   16    9   10    9    4    7
    8    6]
435, [1462  143  154   76   53   16   16   12    9    9    5   10    7   11
   11    6]
436, [1409  139  161  102   62   23   10   18    9   14   12   12    7    4
    9    9]
437, [1464  139  148   78   46   17   15   12   16    9   11    5   11    7
   16    6]
438, [1438  148  139   89   73   14   12   16   12    8    9   16    7    7
    7    5]
439, [1456  128  142   98   71    9   13    9    9    8   12    7    8   11
   12    7]
440, [1399  157  148  109   59   16   15   23    8   10    8    9   12    9
   14    4]
441, [1474  137  140  107   50   17   12   10    6    5    3   11    8    6
    9    5]
442, [1446  160  139   94   49   16   11   12    8   10    9    5    9    8
   15    9]
443, [1439  124  145  100   73   14    9   18    6    9   13   10   14    8
    9    9]
444, [1483  117  133   88   80    5    8   13   14    9   13    8    7    5
    9    8]
445, [1481  126  135   95   60   14   12   13    7   12   14    4    6   15
    5    1]
446, [1452  136  127  109   54   15   19   11    7   12    7    8    9   11
   17    6]
447, [1451  154  158   91   46   12    3   14   12   10   10    4   10    9
    8    8]
448, [1407  158  168  104   50   16   13   21    9   16    8   14    7    1
    5    3]
449, [1471  146  145   90   43   12   11   12   10    8   10    9    7    8
   10    8]
450, [1436  176  153   85   47   23    7   17    9    5   10    8    7    4
    8    5]
451, [1484  128  155   95   42   14   10   11   16   11   11    2    7    8
    3    3]
452, [1428  148  126  112   68   15   11   13    9   11    8   10    7    7
   10   17]
453, [1466  134  157   93   55    9   10   13   12    8    9    2   10    9
    7    6]
454, [1437  155  144  106   62   10   10   11    6   10   15    7   12    3
    6    6]
455, [1438   93  150  102   94   17    7   11    6   15   18   10   10    9
    8   12]
456, [1495  101  135   89   77   12   11   13   14   11    9    5    6    8
    2   12]
457, [1414  164  170   97   57   13    8   14   11    4   10    9   11    3
    7    8]
458, [1404  172  172  102   44   12   10   11   11   14   15    9    2    7
    7    8]
459, [1454  166  139   99   47   11   11   14   13    3    6    8    5    6
    9    9]
460, [1422  159  173   98   36   16   13    7   10    9   12    5   13    9
    6   12]
461, [1441  165  145  107   41    8   15    9    8   13   10   10    4    7
    9    8]
462, [1418  146  150   87   77   13   16   13   16   11   13   10    7    9
    5    9]
463, [1431  141  157  103   56   19   17   10   10    9    7    7    4   11
   11    7]
464, [1438  115  163   90   74   19    8   11   15    8    8    8   12   10
   11   10]
465, [1450  147  135   94   66   14    8   16   11    3   12    6   10   11
   13    4]
466, [1440  167  165   88   35   11   13   12   12    5   14    9    5    9
    9    6]
467, [1440  150  158   80   50   28   11   10    9   12   13    8   10    8
    8    5]
468, [1422  129  156  107   84   12   19    6   11    8    3    5    8   11
   10    9]
469, [1467  118  137   79   72   22   23   14    6   17   11    5   11    9
    4    5]
470, [1453  137  154   93   48   11   13   19    9   10    9    6    8   13
    8    9]
471, [1465  151  139   90   53   16   10   10    6    6    8    6    9   11
   16    4]
472, [1430  126  162   96   70   16   12   12   10    7   13    5   11   11
   11    8]
473, [1396  146  161  100   68   17   18   16   12   12    8    7   10    9
   18    2]
474, [1463  121  149   89   66   16   15   12   13    8    7    8    6    8
   10    9]
475, [1425  125  155  110   72   19   13    9   12    8   10   13    6    8
   11    4]
476, [1405  150  160   92   64   18   15   13   10   13    6    7   10    7
   17   13]
477, [1428  125  167  101   76    9   11   14   12   17    8    5    3    6
   14    4]
478, [1449  151  169   92   46    8   12   10   13   11    7    5    5   12
    7    3]
479, [1432  100  149   99   94   16   13   11   23   14    8    5    8    7
   11   10]
480, [1459  115  152  100   75    7   14   11   13   11    7    7    7    7
    8    7]
481, [1451  127  165   97   45   15   12   12   10    7   11    5   10   10
   11   12]
482, [1450  116  158   85   66   16   11   17   10   20   11   14    2    7
   11    6]
483, [1429  136  139  109   69   12   10   13   11   16   12   12   10    9
    6    7]
484, [1460  104  132   96  113    9   14    8    8    4   11    9    8    6
   12    6]
485, [1429  170  148  110   43   10    9    8   11   12   10   11    7    5
   10    7]
486, [1394  157  170  106   55   17   10   10   16   11    9    9   11    7
    6   12]
487, [1459  129  165   82   56   11   15   15    6   13   10    2   10    8
    8   11]
488, [1427  160  148  110   59   13    9    9   10    8    9    6    5   10
   12    5]
489, [1413  155  172   92   31   25   11   18    9   16    8    7   13    7
   12   11]
490, [1450  134  137  111   67   13    9   19    8    8    6    9    9    8
    4    8]
491, [1418  151  139  133   48   18   10   13    6   14   10    9    6    5
   11    9]
492, [1413  169  139  100   66   22   12   11   13    9    8    8    6    5
   10    9]
493, [1480  149  133   83   52   12   14   10   11    6    9    9    9    5
    8   10]
494, [1437  159  175   97   35   11   15   11    6    5   14    5    9    5
    8    8]
495, [1472  137  141   98   61    9    9   15   10    6    4    6   10    8
   10    4]
496, [1439   97  169   78   75   22   16    9   16   12   17    7    9   10
   14   10]
497, [1484  108  139   92   74   10   14   14    6    9    9   13    7    7
    7    7]
498, [1414  141  167   88   73   17    6   18    8   13    7    9   13    9
   10    7]
499, [1443  135  142  112   60   20   12    9    9    9   10    5   11    9
    9    5]
500, [1448  133  154  107   55   14   11   13   13   10    8    7    6    7
   10    4]
501, [1439  114  174  100   62   15   10   11   12   11   12   14    6    6
   13    1]
502, [1466  140  142   87   63   16    6   12    3   15   11    8   10    5
    9    7]
503, [1446  145  134  104   63   18   14   15    9    7   10    7    5    7
    8    8]
504, [1409  130  161   96   72   15   14   15   13   16   16   10    9   11
    7    6]
505, [1462  150  158   86   42   13    8   15   13   14    8    5    6    7
    7    6]
506, [1420  152  155  100   69   22    8    8   16    8    7    5    5   12
    8    5]
507, [1454  127  143  102   58   16    7   20   13   10    7    8   12    5
    9    9]
508, [1454  133  149  105   58   17    7   14    8   13    4    6   12    3
   13    4]
509, [1431  153  161  104   41   15   14   16    9   12   14   10    4    4
    8    4]
510, [1419  158  152   78   69   22   20   11   13   13   12    8    5    4
    7    9]
511, [1479  115  139   81   72   24   19   10    7    6    6    5    9    3
   16    9]
512, [1433  151  153  105   31   23   16   12   16    9    8    7    9    9
   10    8]
513, [1445  147  146  100   50   13   13    9   12    9   10    8    8    9
   12    9]
514, [1425  123  153  110   63   27   16   14   18    8    8    7    7    5
   10    6]
515, [1430  155  146   96   63   11   13    8   17    6   10    8    7    7
    7   16]
516, [1432  150  161  115   45   18   14    8   10   10    4    4    6    6
    6   11]
517, [1423  150  169  108   54    9   12    6   12    6    9   11    8    8
   11    4]
518, [1429  131  165   94   69   12   15    9   17    6    9   10    2    4
   13   15]
519, [1419  131  156   99   84   13   15   12   11    9    3    9   17    7
    8    7]
520, [1417  159  157  107   40   17    9   12   15   17    8    8    7    7
   14    6]
521, [1456  121  152   95   69   16   15    6   13   10    6    6    9   11
    9    6]
522, [1442  134  150   99   66   18   13   12    7   13    7    8    7    6
   12    6]
523, [1462  174  138   89   39   16   12   13   10    8    7    6    5    8
    8    5]
524, [1434  144  150  102   53   20   14   13    8    9   13    6    2    8
   12   12]
525, [1440  134  163   87   65   27   12    6   12    8    9    3    4   11
   10    9]
526, [1441  122  172   90   78   15   14   11   13   10   11    2    3    6
    8    4]
527, [1423  171  144   97   51   14    7   10   16   12    9    6    5   15
   10   10]
528, [1416  144  157  107   63   21   14   15   12    4    6    8    7   10
   10    6]
529, [1432  113  153   99   87   23   12   10   10    8   11    7   11    9
    8    7]
530, [1442  157  147   99   50   17   13    8   11   15    8    7    5    5
    9    7]
531, [1436  142  141  105   60   17    8   15   12    9   11   11    9    1
   12   11]
532, [1435  139  149  102   61   14    8   18   11   11    9    8    9    5
   13    8]
533, [1419  155  169  106   50   15   11   17   11    6   11    3    5    8
    9    5]
534, [1435  150  152   83   42   20   14   14   14   13   10   14    6    7
   17    9]
535, [1448  145  160   88   49   10   14   13   12    8   11    6    3    9
   14   10]
536, [1424  159  146  109   51   24    8   15    9   12    8    6    8    7
    6    8]
537, [1400  166  160   89   48   21   22   17   14   10    8    7    8   13
    6   11]
538, [1429  128  163  108   68   11    9   13    9   11    6    9   12    7
    8    9]
539, [1397  185  146  103   56   10   12   15   16    9   10   11    4    7
    8   11]
540, [1429  155  156   88   59    7   17   11   12   14   10    8    8    5
   10   11]
541, [1459  165  134   91   50   11   15    9   18    4    6   10    6    6
   10    6]
542, [1433  130  141   95   91   14   22    8   14    8    9    7    3    8
   10    7]
543, [1444  155  146   99   43   10   14   11   21    9   10    5    6    9
    7   11]
544, [1429  149  156  104   64   14   10   13    8    9    9    8    6    6
    3   12]
545, [1447  152  141   87   54    7   22   15   12   14   10    5    6   10
    9    9]
546, [1442  162  179   69   40   10   15   14   12   10    6    6   15    5
    6    9]
547, [1454  150  131   94   60   12   18   14   12   12   11    5    9    9
    4    5]
548, [1421  199  166   84   41    8   14   14    9    7    3    4    7    8
    9    6]
549, [1436  169  148   97   44   12   15    7   15   12    9    6    6    4
   13    7]
550, [1482  140  157   84   50   12   11    8    9   13    6    4    2    9
    6    7]
551, [1444  129  145   96   70   19   19   17    9    7   10    2   10   11
   10    2]
552, [1448  144  154   96   43    9   13   15   15    8    9    7    4   12
   13   10]
553, [1446  155  148   91   54   16   11   13    8   11    7    5    6   12
    8    9]
554, [1420  139  170  102   56   14   13   16   12   10    7    3    2   14
   14    8]
555, [1426  165  151  102   49   18   10   17    6   11    8   11    4    5
    6   11]
556, [1428  147  165   93   68   12   12   13    9    8    6    7    7   10
    7    8]
557, [1440  157  165   83   65    9   10   10    9    7    7    8    7    9
    8    6]
558, [1446  101  172   89   86   11   16   10   11   13   11   10    8    7
    4    5]
559, [1443  107  139   93   86   25   12   10   13    8   11   12    4   19
   11    7]
560, [1427  167  145   99   60   15   14   10    9    8    7    9    8    5
    6   11]
561, [1470  100  135   98   89   12   12   15    8   12   12    6   10    8
    6    7]
562, [1458  143  145   83   67   14   11   15   11    6   10    5    5    5
   14    8]
563, [1426  155  165  100   55   23   10   12   11    7    8    6    4   10
    5    3]
564, [1480  143  140   94   35   20   17    8    6   11   12    7    6    8
    7    6]
565, [1432  130  162  101   60   22   12    9   14   11    5    5    8    5
   11   13]
566, [1447  144  137   89   64   12   11   10   11   19   11    5   13    8
   12    7]
567, [1422  152  151   92   71   13   19    9   19    4    9   10    6    6
   12    5]
568, [1466  141  150   83   57   18   20    8    9    4    9    8   10    3
    8    6]
569, [1409  149  143  110   69   10   14   11   17   10   15    9    4   11
    8   11]
570, [1435  138  147   89   71   18    4    7   14   10   16    9   12    7
   16    7]
571, [1456  142  149   95   55   16    9   12   12    8    7    7    4    6
   13    9]
572, [1434  146  143  109   69   12   10   12   14    9    9    2   11    7
    8    5]
573, [1470  153  154   86   38   19    8   11   10    6    2   11    7   11
   10    4]
574, [1433  153  144   94   63   12   13   13   16    7   11    7    3    4
   14   13]
575, [1436  154  159  107   44   12   14    9    9    9   10    4    8   10
    8    7]
576, [1420  142  182   87   63   18   13   11   11    9   12    9    6    6
    3    8]
577, [1437  139  173   77   55   17   10   18   15    7   11    6    6    7
   12   10]
578, [1435  109  168   93   88   24   15    8    7    7    5    2   13    2
   12   12]
579, [1435  151  147  107   56   11    8   10   12   12   14    6   13    8
    4    6]
580, [1412  158  159   85   67   19   18   15    8    7   10    6    6    6
   11   13]
581, [1455  145  164   86   50   20    9   10    8   19   10    4    5    4
    6    5]
582, [1419  164  148  115   37   17   12   15   13   10    5    9    9    6
   10   11]
583, [1454   97  162   89   76   17   14   18   11   12   13    5    6    8
    9    9]
584, [1479  111  145  115   48   18   14    9   13    9    9    6    8    8
    5    3]
585, [1429  158  161   90   64   15   12   10    8    7    4    7    8   10
   10    7]
586, [1438  116  157  109   55   19   12   16   10   13   15    9    9    8
    7    7]
587, [1399  164  157   99   52   24    5   17   22    7   12    9   11    4
   11    7]
588, [1404  146  160   91   65   12   11   14   15   15   13   12    9   11
   13    9]
589, [1437  132  169   87   57   14   12   15   14    9    6    8    5   14
   14    7]
590, [1447  164  160   83   52   13   10   14   12    4    9    7    5    2
    7   11]
591, [1434  140  155   89   78   14   17    6   10   13    9   12    4    4
    8    7]
592, [1458  161  140   87   42   20   16    8   10    5    6    4   10   11
   11   11]
593, [1439  159  146  107   49   15    9    6   15   12   12   10    3    3
   10    5]
594, [1425  157  149   97   58   11   15   10   10   14   12    7   10    5
   11    9]
595, [1395  182  156  113   41   19    9   16   12    8    6    8    7   11
   10    7]
596, [1415  129  171   94   75   15    4   17   19   13    7    7    3   11
   14    6]
597, [1451  158  159   87   43   12   13   16    8    8    5    6    7   10
   10    7]
598, [1448  118  162   93   73   18    5   15   12    7    5   11    7   10
   10    6]
599, [1404  181  160  110   36   14   16   14   11    7   10    4    7    5
   11   10]
